app/build/intermediates/manifest_merge_blame_file/debug/manifest-merger-blame-debug-report.txt
1<?xml version="1.0" encoding="utf-8"?>
2<manifest xmlns:android="http://schemas.android.com/apk/res/android"
3    package="com.example.konnekt2"
4    android:versionCode="1"
5    android:versionName="1.0" >
6
7    <uses-sdk
8        android:minSdkVersion="21"
8-->src\main\AndroidManifest.xml
9        android:targetSdkVersion="29" />
9-->src\main\AndroidManifest.xml
10
11    <uses-permission android:name="android.permission.INTERNET" />
11-->src\main\AndroidManifest.xml:5:5-67
11-->src\main\AndroidManifest.xml:5:22-64
12    <uses-permission android:name="android.permission.ACCESS_NETWORK_STATE" />
12-->[com.google.android.gms:play-services-measurement:17.2.0] AndroidManifest.xml:24:5-79
12-->[com.google.android.gms:play-services-measurement:17.2.0] AndroidManifest.xml:24:22-76
13    <uses-permission android:name="android.permission.WAKE_LOCK" />
13-->[com.google.android.gms:play-services-measurement:17.2.0] AndroidManifest.xml:25:5-68
13-->[com.google.android.gms:play-services-measurement:17.2.0] AndroidManifest.xml:25:22-65
14    <uses-permission android:name="com.google.android.finsky.permission.BIND_GET_INSTALL_REFERRER_SERVICE" /> <!-- Required by older versions of Google Play services to create IID tokens -->
14-->[com.google.android.gms:play-services-measurement:17.2.0] AndroidManifest.xml:26:5-110
14-->[com.google.android.gms:play-services-measurement:17.2.0] AndroidManifest.xml:26:22-107
15    <uses-permission android:name="com.google.android.c2dm.permission.RECEIVE" />
15-->[com.google.firebase:firebase-iid:19.0.0] AndroidManifest.xml:26:5-82
15-->[com.google.firebase:firebase-iid:19.0.0] AndroidManifest.xml:26:22-79
16
17    <application
17-->src\main\AndroidManifest.xml:7:5-24:19
18        android:allowBackup="true"
18-->src\main\AndroidManifest.xml:8:9-35
19        android:appComponentFactory="androidx.core.app.CoreComponentFactory"
19-->[androidx.core:core:1.0.1] AndroidManifest.xml:22:18-86
20        android:debuggable="true"
21        android:icon="@mipmap/ic_launcher_round"
21-->src\main\AndroidManifest.xml:9:9-49
22        android:label="@string/app_name"
22-->src\main\AndroidManifest.xml:10:9-41
23        android:roundIcon="@mipmap/ic_launcher_round"
23-->src\main\AndroidManifest.xml:11:9-54
24        android:supportsRtl="true"
24-->src\main\AndroidManifest.xml:12:9-35
25        android:testOnly="true"
26        android:theme="@style/AppTheme" >
26-->src\main\AndroidManifest.xml:13:9-40
27        <activity android:name="com.example.konnekt2.Chat" />
27-->src\main\AndroidManifest.xml:14:9-51
27-->src\main\AndroidManifest.xml:14:19-39
28        <activity android:name="com.example.konnekt2.Users" />
28-->src\main\AndroidManifest.xml:15:9-43
28-->src\main\AndroidManifest.xml:15:19-40
29        <activity android:name="com.example.konnekt2.Login" />
29-->src\main\AndroidManifest.xml:16:9-43
29-->src\main\AndroidManifest.xml:16:19-40
30        <activity android:name="com.example.konnekt2.Register" >
30-->src\main\AndroidManifest.xml:17:9-23:20
30-->src\main\AndroidManifest.xml:17:19-43
31            <intent-filter>
31-->src\main\AndroidManifest.xml:18:13-22:29
32                <action android:name="android.intent.action.MAIN" />
32-->src\main\AndroidManifest.xml:19:17-69
32-->src\main\AndroidManifest.xml:19:25-66
33
34                <category android:name="android.intent.category.LAUNCHER" />
34-->src\main\AndroidManifest.xml:21:17-77
34-->src\main\AndroidManifest.xml:21:27-74
35            </intent-filter>
36        </activity>
37
38        <receiver
38-->[com.google.android.gms:play-services-measurement:17.2.0] AndroidManifest.xml:29:9-33:20
39            android:name="com.google.android.gms.measurement.AppMeasurementReceiver"
39-->[com.google.android.gms:play-services-measurement:17.2.0] AndroidManifest.xml:30:13-85
40            android:enabled="true"
40-->[com.google.android.gms:play-services-measurement:17.2.0] AndroidManifest.xml:31:13-35
41            android:exported="false" >
41-->[com.google.android.gms:play-services-measurement:17.2.0] AndroidManifest.xml:32:13-37
42        </receiver>
43        <receiver
43-->[com.google.android.gms:play-services-measurement:17.2.0] AndroidManifest.xml:34:9-42:20
44            android:name="com.google.android.gms.measurement.AppMeasurementInstallReferrerReceiver"
44-->[com.google.android.gms:play-services-measurement:17.2.0] AndroidManifest.xml:35:13-100
45            android:enabled="true"
45-->[com.google.android.gms:play-services-measurement:17.2.0] AndroidManifest.xml:36:13-35
46            android:exported="true"
46-->[com.google.android.gms:play-services-measurement:17.2.0] AndroidManifest.xml:37:13-36
47            android:permission="android.permission.INSTALL_PACKAGES" >
47-->[com.google.android.gms:play-services-measurement:17.2.0] AndroidManifest.xml:38:13-69
48            <intent-filter>
48-->[com.google.android.gms:play-services-measurement:17.2.0] AndroidManifest.xml:39:13-41:29
49                <action android:name="com.android.vending.INSTALL_REFERRER" />
49-->[com.google.android.gms:play-services-measurement:17.2.0] AndroidManifest.xml:40:17-79
49-->[com.google.android.gms:play-services-measurement:17.2.0] AndroidManifest.xml:40:25-76
50            </intent-filter>
51        </receiver>
52
53        <service
53-->[com.google.android.gms:play-services-measurement:17.2.0] AndroidManifest.xml:44:9-47:40
54            android:name="com.google.android.gms.measurement.AppMeasurementService"
54-->[com.google.android.gms:play-services-measurement:17.2.0] AndroidManifest.xml:45:13-84
55            android:enabled="true"
55-->[com.google.android.gms:play-services-measurement:17.2.0] AndroidManifest.xml:46:13-35
56            android:exported="false" />
56-->[com.google.android.gms:play-services-measurement:17.2.0] AndroidManifest.xml:47:13-37
57        <service
57-->[com.google.android.gms:play-services-measurement:17.2.0] AndroidManifest.xml:48:9-52:72
58            android:name="com.google.android.gms.measurement.AppMeasurementJobService"
58-->[com.google.android.gms:play-services-measurement:17.2.0] AndroidManifest.xml:49:13-87
59            android:enabled="true"
59-->[com.google.android.gms:play-services-measurement:17.2.0] AndroidManifest.xml:50:13-35
60            android:exported="false"
60-->[com.google.android.gms:play-services-measurement:17.2.0] AndroidManifest.xml:51:13-37
61            android:permission="android.permission.BIND_JOB_SERVICE" />
61-->[com.google.android.gms:play-services-measurement:17.2.0] AndroidManifest.xml:52:13-69
62        <service
62-->[com.google.android.gms:play-services-measurement-api:17.2.0] AndroidManifest.xml:27:9-33:19
63            android:name="com.google.firebase.components.ComponentDiscoveryService"
63-->[com.google.android.gms:play-services-measurement-api:17.2.0] AndroidManifest.xml:28:13-84
64            android:exported="false" >
64-->[com.google.android.gms:play-services-measurement-api:17.2.0] AndroidManifest.xml:29:13-37
65            <meta-data
65-->[com.google.android.gms:play-services-measurement-api:17.2.0] AndroidManifest.xml:30:13-32:85
66                android:name="com.google.firebase.components:com.google.firebase.analytics.connector.internal.AnalyticsConnectorRegistrar"
66-->[com.google.android.gms:play-services-measurement-api:17.2.0] AndroidManifest.xml:31:17-139
67                android:value="com.google.firebase.components.ComponentRegistrar" />
67-->[com.google.android.gms:play-services-measurement-api:17.2.0] AndroidManifest.xml:32:17-82
68            <meta-data
68-->[com.google.firebase:firebase-iid:19.0.0] AndroidManifest.xml:32:13-34:85
69                android:name="com.google.firebase.components:com.google.firebase.iid.Registrar"
69-->[com.google.firebase:firebase-iid:19.0.0] AndroidManifest.xml:33:17-96
70                android:value="com.google.firebase.components.ComponentRegistrar" />
70-->[com.google.firebase:firebase-iid:19.0.0] AndroidManifest.xml:34:17-82
71        </service>
72
73        <receiver
73-->[com.google.firebase:firebase-iid:19.0.0] AndroidManifest.xml:37:9-44:20
74            android:name="com.google.firebase.iid.FirebaseInstanceIdReceiver"
74-->[com.google.firebase:firebase-iid:19.0.0] AndroidManifest.xml:38:13-78
75            android:exported="true"
75-->[com.google.firebase:firebase-iid:19.0.0] AndroidManifest.xml:39:13-36
76            android:permission="com.google.android.c2dm.permission.SEND" >
76-->[com.google.firebase:firebase-iid:19.0.0] AndroidManifest.xml:40:13-73
77            <intent-filter>
77-->[com.google.firebase:firebase-iid:19.0.0] AndroidManifest.xml:41:13-43:29
78                <action android:name="com.google.android.c2dm.intent.RECEIVE" />
78-->[com.google.firebase:firebase-iid:19.0.0] AndroidManifest.xml:42:17-81
78-->[com.google.firebase:firebase-iid:19.0.0] AndroidManifest.xml:42:25-78
79            </intent-filter>
80        </receiver>
81
82        <provider
82-->[com.google.firebase:firebase-common:19.0.0] AndroidManifest.xml:12:9-16:39
83            android:name="com.google.firebase.provider.FirebaseInitProvider"
83-->[com.google.firebase:firebase-common:19.0.0] AndroidManifest.xml:13:13-77
84            android:authorities="com.example.konnekt2.firebaseinitprovider"
84-->[com.google.firebase:firebase-common:19.0.0] AndroidManifest.xml:14:13-72
85            android:exported="false"
85-->[com.google.firebase:firebase-common:19.0.0] AndroidManifest.xml:15:13-37
86            android:initOrder="100" />
86-->[com.google.firebase:firebase-common:19.0.0] AndroidManifest.xml:16:13-36
87
88        <activity
88-->[com.google.android.gms:play-services-base:17.0.0] AndroidManifest.xml:23:9-26:75
89            android:name="com.google.android.gms.common.api.GoogleApiActivity"
89-->[com.google.android.gms:play-services-base:17.0.0] AndroidManifest.xml:24:13-79
90            android:exported="false"
90-->[com.google.android.gms:play-services-base:17.0.0] AndroidManifest.xml:25:13-37
91            android:theme="@android:style/Theme.Translucent.NoTitleBar" />
91-->[com.google.android.gms:play-services-base:17.0.0] AndroidManifest.xml:26:13-72
92
93        <meta-data
93-->[com.google.android.gms:play-services-basement:17.0.0] AndroidManifest.xml:23:9-25:69
94            android:name="com.google.android.gms.version"
94-->[com.google.android.gms:play-services-basement:17.0.0] AndroidManifest.xml:24:13-58
95            android:value="@integer/google_play_services_version" />
95-->[com.google.android.gms:play-services-basement:17.0.0] AndroidManifest.xml:25:13-66
96    </application>
97
98</manifest>